{"C:\\Users\\pupko\\Documents\\Юля_обучение\\ajs-homeworks-regex\\src\\js\\app.js": {"path":"C:\\Users\\pupko\\Documents\\Юля_обучение\\ajs-homeworks-regex\\src\\js\\app.js","statementMap":{"0":{"start":{"line":3,"column":4},"end":{"line":3,"column":21}},"1":{"start":{"line":7,"column":4},"end":{"line":7,"column":80}}},"fnMap":{"0":{"name":"(anonymous_0)","decl":{"start":{"line":2,"column":2},"end":{"line":2,"column":3}},"loc":{"start":{"line":2,"column":20},"end":{"line":4,"column":3}},"line":2},"1":{"name":"(anonymous_1)","decl":{"start":{"line":6,"column":2},"end":{"line":6,"column":3}},"loc":{"start":{"line":6,"column":21},"end":{"line":8,"column":3}},"line":6}},"branchMap":{},"s":{"0":8,"1":8},"f":{"0":8,"1":8},"b":{},"_coverageSchema":"1a1c01bbd47fc00a2c39e90264f33305004495a9","hash":"fa5f2659d98d60a0c0143bec6e5c9cd949941504"}
}
